TN:
SF:src/main.ts
FN:16,(anonymous_16)
FN:29,(anonymous_17)
FN:53,(anonymous_19)
FN:73,(anonymous_20)
FN:77,(anonymous_22)
FN:84,(anonymous_24)
FN:93,(anonymous_25)
FN:99,(anonymous_26)
FN:113,(anonymous_27)
FN:118,(anonymous_28)
FN:123,(anonymous_29)
FN:123,(anonymous_30)
FN:132,(anonymous_31)
FN:137,(anonymous_32)
FN:146,(anonymous_33)
FN:164,(anonymous_34)
FN:187,(anonymous_35)
FN:187,(anonymous_36)
FN:196,(anonymous_37)
FN:196,(anonymous_38)
FN:205,(anonymous_39)
FN:205,(anonymous_40)
FN:214,(anonymous_41)
FN:214,(anonymous_42)
FN:223,(anonymous_43)
FN:239,(anonymous_44)
FN:239,(anonymous_45)
FN:258,(anonymous_46)
FN:258,(anonymous_47)
FN:281,(anonymous_48)
FN:281,(anonymous_49)
FN:291,(anonymous_50)
FN:318,(anonymous_52)
FN:323,(anonymous_53)
FN:328,(anonymous_54)
FN:334,(anonymous_55)
FN:344,(anonymous_56)
FN:357,(anonymous_57)
FN:385,(anonymous_59)
FN:404,(anonymous_61)
FN:413,(anonymous_62)
FN:413,(anonymous_63)
FN:427,(anonymous_64)
FN:431,(anonymous_65)
FN:437,(anonymous_66)
FN:447,(anonymous_67)
FN:454,(anonymous_68)
FN:469,(anonymous_70)
FN:478,(anonymous_72)
FNF:49
FNH:0
FNDA:0,(anonymous_16)
FNDA:0,(anonymous_17)
FNDA:0,(anonymous_19)
FNDA:0,(anonymous_20)
FNDA:0,(anonymous_22)
FNDA:0,(anonymous_24)
FNDA:0,(anonymous_25)
FNDA:0,(anonymous_26)
FNDA:0,(anonymous_27)
FNDA:0,(anonymous_28)
FNDA:0,(anonymous_29)
FNDA:0,(anonymous_30)
FNDA:0,(anonymous_31)
FNDA:0,(anonymous_32)
FNDA:0,(anonymous_33)
FNDA:0,(anonymous_34)
FNDA:0,(anonymous_35)
FNDA:0,(anonymous_36)
FNDA:0,(anonymous_37)
FNDA:0,(anonymous_38)
FNDA:0,(anonymous_39)
FNDA:0,(anonymous_40)
FNDA:0,(anonymous_41)
FNDA:0,(anonymous_42)
FNDA:0,(anonymous_43)
FNDA:0,(anonymous_44)
FNDA:0,(anonymous_45)
FNDA:0,(anonymous_46)
FNDA:0,(anonymous_47)
FNDA:0,(anonymous_48)
FNDA:0,(anonymous_49)
FNDA:0,(anonymous_50)
FNDA:0,(anonymous_52)
FNDA:0,(anonymous_53)
FNDA:0,(anonymous_54)
FNDA:0,(anonymous_55)
FNDA:0,(anonymous_56)
FNDA:0,(anonymous_57)
FNDA:0,(anonymous_59)
FNDA:0,(anonymous_61)
FNDA:0,(anonymous_62)
FNDA:0,(anonymous_63)
FNDA:0,(anonymous_64)
FNDA:0,(anonymous_65)
FNDA:0,(anonymous_66)
FNDA:0,(anonymous_67)
FNDA:0,(anonymous_68)
FNDA:0,(anonymous_70)
FNDA:0,(anonymous_72)
DA:1,0
DA:2,0
DA:3,0
DA:4,0
DA:5,0
DA:6,0
DA:7,0
DA:8,0
DA:9,0
DA:10,0
DA:11,0
DA:12,0
DA:13,0
DA:14,0
DA:16,0
DA:22,0
DA:23,0
DA:24,0
DA:25,0
DA:26,0
DA:27,0
DA:30,0
DA:33,0
DA:34,0
DA:35,0
DA:36,0
DA:39,0
DA:42,0
DA:43,0
DA:46,0
DA:49,0
DA:50,0
DA:55,0
DA:56,0
DA:57,0
DA:60,0
DA:61,0
DA:62,0
DA:65,0
DA:66,0
DA:67,0
DA:70,0
DA:74,0
DA:78,0
DA:80,0
DA:81,0
DA:86,0
DA:87,0
DA:88,0
DA:92,0
DA:93,0
DA:94,0
DA:101,0
DA:102,0
DA:103,0
DA:104,0
DA:108,0
DA:109,0
DA:110,0
DA:113,0
DA:114,0
DA:118,0
DA:119,0
DA:123,0
DA:124,0
DA:125,0
DA:126,0
DA:127,0
DA:134,0
DA:138,0
DA:143,0
DA:147,0
DA:148,0
DA:149,0
DA:151,0
DA:152,0
DA:153,0
DA:155,0
DA:161,0
DA:165,0
DA:166,0
DA:167,0
DA:168,0
DA:170,0
DA:171,0
DA:172,0
DA:174,0
DA:175,0
DA:176,0
DA:177,0
DA:179,0
DA:184,0
DA:187,0
DA:188,0
DA:193,0
DA:196,0
DA:197,0
DA:202,0
DA:205,0
DA:206,0
DA:211,0
DA:214,0
DA:215,0
DA:220,0
DA:224,0
DA:231,0
DA:236,0
DA:239,0
DA:240,0
DA:241,0
DA:249,0
DA:250,0
DA:255,0
DA:258,0
DA:259,0
DA:262,0
DA:270,0
DA:271,0
DA:276,0
DA:277,0
DA:278,0
DA:281,0
DA:282,0
DA:289,0
DA:292,0
DA:293,0
DA:297,0
DA:299,0
DA:300,0
DA:304,0
DA:307,0
DA:309,0
DA:310,0
DA:320,0
DA:323,0
DA:324,0
DA:328,0
DA:335,0
DA:336,0
DA:337,0
DA:345,0
DA:347,0
DA:348,0
DA:349,0
DA:350,0
DA:358,0
DA:359,0
DA:362,0
DA:363,0
DA:365,0
DA:366,0
DA:367,0
DA:370,0
DA:375,0
DA:376,0
DA:377,0
DA:379,0
DA:381,0
DA:386,0
DA:387,0
DA:388,0
DA:391,0
DA:392,0
DA:394,0
DA:395,0
DA:400,0
DA:406,0
DA:407,0
DA:408,0
DA:412,0
DA:413,0
DA:415,0
DA:416,0
DA:417,0
DA:418,0
DA:419,0
DA:428,0
DA:429,0
DA:431,0
DA:432,0
DA:439,0
DA:440,0
DA:441,0
DA:445,0
DA:446,0
DA:447,0
DA:448,0
DA:455,0
DA:456,0
DA:457,0
DA:459,0
DA:460,0
DA:461,0
DA:462,0
DA:463,0
DA:470,0
DA:471,0
DA:473,0
DA:479,0
LF:199
LH:0
BRDA:55,0,0,0
BRDA:60,1,0,0
BRDA:65,2,0,0
BRDA:86,3,0,0
BRDA:92,4,0,0
BRDA:101,5,0,0
BRDA:108,6,0,0
BRDA:126,7,0,0
BRDA:126,7,1,0
BRDA:126,8,0,0
BRDA:126,8,1,0
BRDA:151,9,0,0
BRDA:151,9,1,0
BRDA:166,10,0,0
BRDA:166,11,0,0
BRDA:166,11,1,0
BRDA:170,12,0,0
BRDA:175,13,0,0
BRDA:292,14,0,0
BRDA:309,15,0,0
BRDA:335,16,0,0
BRDA:345,17,0,0
BRDA:348,18,0,0
BRDA:348,19,0,0
BRDA:348,19,1,0
BRDA:362,20,0,0
BRDA:362,21,0,0
BRDA:362,21,1,0
BRDA:366,22,0,0
BRDA:379,23,0,0
BRDA:379,24,0,0
BRDA:379,24,1,0
BRDA:387,25,0,0
BRDA:394,26,0,0
BRDA:406,27,0,0
BRDA:412,28,0,0
BRDA:415,29,0,0
BRDA:415,30,0,0
BRDA:415,30,1,0
BRDA:418,31,0,0
BRDA:428,32,0,0
BRDA:439,33,0,0
BRDA:445,34,0,0
BRDA:459,35,0,0
BRDA:462,36,0,0
BRF:45
BRH:0
end_of_record
TN:
SF:src/types.ts
FNF:0
FNH:0
DA:1,0
DA:2,0
DA:36,0
DA:88,0
LF:4
LH:0
BRF:0
BRH:0
end_of_record
TN:
SF:src/providers/BaseProvider.ts
FN:23,(anonymous_7)
FN:38,(anonymous_8)
FN:45,(anonymous_9)
FN:46,(anonymous_11)
FN:54,(anonymous_12)
FN:55,(anonymous_13)
FN:58,(anonymous_14)
FN:75,(anonymous_15)
FN:79,(anonymous_17)
FN:113,(anonymous_18)
FN:122,(anonymous_19)
FN:130,(anonymous_20)
FN:135,(anonymous_21)
FN:147,(anonymous_22)
FN:159,(anonymous_23)
FNF:15
FNH:0
FNDA:0,(anonymous_7)
FNDA:0,(anonymous_8)
FNDA:0,(anonymous_9)
FNDA:0,(anonymous_11)
FNDA:0,(anonymous_12)
FNDA:0,(anonymous_13)
FNDA:0,(anonymous_14)
FNDA:0,(anonymous_15)
FNDA:0,(anonymous_17)
FNDA:0,(anonymous_18)
FNDA:0,(anonymous_19)
FNDA:0,(anonymous_20)
FNDA:0,(anonymous_21)
FNDA:0,(anonymous_22)
FNDA:0,(anonymous_23)
DA:1,0
DA:19,0
DA:23,0
DA:39,0
DA:46,0
DA:47,0
DA:48,0
DA:54,0
DA:55,0
DA:58,0
DA:59,0
DA:60,0
DA:64,0
DA:67,0
DA:76,0
DA:77,0
DA:79,0
DA:80,0
DA:81,0
DA:82,0
DA:83,0
DA:86,0
DA:87,0
DA:94,0
DA:102,0
DA:106,0
DA:107,0
DA:108,0
DA:112,0
DA:113,0
DA:114,0
DA:115,0
DA:116,0
DA:121,0
DA:122,0
DA:123,0
DA:124,0
DA:125,0
DA:130,0
DA:131,0
DA:132,0
DA:133,0
DA:135,0
DA:136,0
DA:137,0
DA:147,0
DA:148,0
DA:149,0
DA:159,0
DA:160,0
DA:161,0
LF:51
LH:0
BRDA:77,0,0,0
BRDA:77,0,1,0
BRDA:106,1,0,0
BRDA:106,2,0,0
BRDA:106,2,1,0
BRDA:112,3,0,0
BRDA:116,4,0,0
BRDA:116,4,1,0
BRDA:116,5,0,0
BRDA:116,5,1,0
BRDA:121,6,0,0
BRDA:125,7,0,0
BRDA:125,7,1,0
BRDA:125,8,0,0
BRDA:125,8,1,0
BRDA:150,9,0,0
BRDA:150,9,1,0
BRDA:151,10,0,0
BRDA:151,10,1,0
BRDA:151,11,0,0
BRDA:151,11,1,0
BRF:21
BRH:0
end_of_record
TN:
SF:src/providers/ClaudeProvider.ts
FN:14,(anonymous_0)
FN:21,(anonymous_1)
FN:43,(anonymous_2)
FN:51,(anonymous_3)
FNF:4
FNH:0
FNDA:0,(anonymous_0)
FNDA:0,(anonymous_1)
FNDA:0,(anonymous_2)
FNDA:0,(anonymous_3)
DA:1,0
DA:10,0
DA:11,0
DA:12,0
DA:15,0
DA:22,0
DA:26,0
DA:30,0
DA:34,0
DA:36,0
DA:44,0
DA:45,0
DA:52,0
LF:13
LH:0
BRDA:14,0,0,0
BRDA:22,1,0,0
BRDA:22,1,1,0
BRDA:22,1,2,0
BRDA:22,1,3,0
BRDA:22,1,4,0
BRDA:22,1,5,0
BRDA:22,1,6,0
BRDA:22,1,7,0
BRDA:22,1,8,0
BRDA:22,1,9,0
BRDA:44,2,0,0
BRDA:44,2,1,0
BRF:13
BRH:0
end_of_record
TN:
SF:src/providers/GeminiProvider.ts
FN:16,(anonymous_0)
FN:24,(anonymous_1)
FN:42,(anonymous_2)
FN:49,(anonymous_3)
FNF:4
FNH:0
FNDA:0,(anonymous_0)
FNDA:0,(anonymous_1)
FNDA:0,(anonymous_2)
FNDA:0,(anonymous_3)
DA:1,0
DA:12,0
DA:13,0
DA:14,0
DA:17,0
DA:25,0
DA:29,0
DA:33,0
DA:35,0
DA:43,0
DA:50,0
LF:11
LH:0
BRDA:16,0,0,0
BRDA:25,1,0,0
BRDA:25,1,1,0
BRDA:25,1,2,0
BRDA:25,1,3,0
BRDA:25,1,4,0
BRDA:25,1,5,0
BRDA:25,1,6,0
BRF:8
BRH:0
end_of_record
TN:
SF:src/providers/JulesProvider.ts
FN:17,(anonymous_0)
FN:24,(anonymous_1)
FN:32,(anonymous_2)
FN:40,(anonymous_3)
FNF:4
FNH:0
FNDA:0,(anonymous_0)
FNDA:0,(anonymous_1)
FNDA:0,(anonymous_2)
FNDA:0,(anonymous_3)
DA:1,0
DA:13,0
DA:14,0
DA:15,0
DA:18,0
DA:25,0
DA:33,0
DA:34,0
DA:41,0
LF:9
LH:0
BRDA:17,0,0,0
BRDA:33,1,0,0
BRDA:33,1,1,0
BRF:3
BRH:0
end_of_record
TN:
SF:src/providers/ProviderRegistry.ts
FN:22,(anonymous_7)
FN:30,(anonymous_8)
FN:52,(anonymous_9)
FN:64,(anonymous_10)
FN:93,(anonymous_11)
FN:100,(anonymous_12)
FN:107,(anonymous_13)
FN:115,(anonymous_14)
FN:135,(anonymous_16)
FN:154,(anonymous_18)
FN:161,(anonymous_19)
FN:168,(anonymous_20)
FN:175,(anonymous_21)
FNF:13
FNH:0
FNDA:0,(anonymous_7)
FNDA:0,(anonymous_8)
FNDA:0,(anonymous_9)
FNDA:0,(anonymous_10)
FNDA:0,(anonymous_11)
FNDA:0,(anonymous_12)
FNDA:0,(anonymous_13)
FNDA:0,(anonymous_14)
FNDA:0,(anonymous_16)
FNDA:0,(anonymous_18)
FNDA:0,(anonymous_19)
FNDA:0,(anonymous_20)
FNDA:0,(anonymous_21)
DA:8,0
DA:9,0
DA:10,0
DA:17,0
DA:18,0
DA:20,0
DA:23,0
DA:24,0
DA:31,0
DA:34,0
DA:35,0
DA:39,0
DA:40,0
DA:44,0
DA:45,0
DA:53,0
DA:54,0
DA:56,0
DA:57,0
DA:65,0
DA:66,0
DA:69,0
DA:70,0
DA:74,0
DA:75,0
DA:76,0
DA:77,0
DA:81,0
DA:82,0
DA:87,0
DA:94,0
DA:101,0
DA:108,0
DA:116,0
DA:118,0
DA:119,0
DA:120,0
DA:121,0
DA:122,0
DA:124,0
DA:125,0
DA:129,0
DA:136,0
DA:137,0
DA:138,0
DA:141,0
DA:142,0
DA:143,0
DA:144,0
DA:146,0
DA:147,0
DA:155,0
DA:162,0
DA:169,0
DA:176,0
LF:55
LH:0
BRDA:22,0,0,0
BRDA:34,1,0,0
BRDA:39,2,0,0
BRDA:44,3,0,0
BRDA:53,4,0,0
BRDA:65,5,0,0
BRDA:65,5,1,0
BRDA:65,6,0,0
BRDA:65,6,1,0
BRDA:65,7,0,0
BRDA:65,7,1,0
BRDA:69,8,0,0
BRDA:69,9,0,0
BRDA:69,9,1,0
BRDA:74,10,0,0
BRDA:81,11,0,0
BRDA:137,12,0,0
BRF:17
BRH:0
end_of_record
TN:
SF:src/providers/index.ts
FN:15,(anonymous_4)
FN:18,(anonymous_5)
FN:19,(anonymous_6)
FN:20,(anonymous_7)
FN:23,(anonymous_8)
FNF:5
FNH:0
FNDA:0,(anonymous_4)
FNDA:0,(anonymous_5)
FNDA:0,(anonymous_6)
FNDA:0,(anonymous_7)
FNDA:0,(anonymous_8)
DA:12,0
DA:15,0
DA:18,0
DA:19,0
DA:20,0
DA:23,0
LF:6
LH:0
BRF:0
BRH:0
end_of_record
TN:
SF:src/providers/types.ts
FNF:0
FNH:0
DA:100,0
LF:1
LH:0
BRF:0
BRH:0
end_of_record
TN:
SF:src/services/AgentDefinitionParser.ts
FN:34,(anonymous_9)
FN:51,(anonymous_10)
FN:101,(anonymous_11)
FN:112,(anonymous_12)
FN:119,(anonymous_13)
FNF:5
FNH:5
FNDA:22,(anonymous_9)
FNDA:19,(anonymous_10)
FNDA:5,(anonymous_11)
FNDA:5,(anonymous_12)
FNDA:2,(anonymous_13)
DA:1,2
DA:30,2
DA:35,22
DA:36,22
DA:37,2
DA:40,20
DA:41,19
DA:43,1
DA:44,1
DA:53,19
DA:54,19
DA:55,3
DA:58,16
DA:59,16
DA:65,16
DA:66,16
DA:67,59
DA:68,59
DA:70,57
DA:71,57
DA:73,57
DA:75,15
DA:76,15
DA:78,15
DA:79,15
DA:81,14
DA:82,14
DA:84,5
DA:85,5
DA:87,4
DA:88,4
DA:90,2
DA:91,2
DA:95,16
DA:102,5
DA:103,5
DA:113,5
DA:120,2
DA:121,2
LF:39
LH:39
BRDA:36,0,0,2
BRDA:54,1,0,3
BRDA:68,2,0,2
BRDA:73,3,0,15
BRDA:73,3,1,15
BRDA:73,3,2,14
BRDA:73,3,3,5
BRDA:73,3,4,4
BRDA:73,3,5,2
BRDA:104,4,0,1
BRDA:104,4,1,4
BRDA:104,5,0,5
BRDA:104,5,1,4
BRDA:105,6,0,1
BRDA:105,6,1,4
BRDA:105,7,0,5
BRDA:105,7,1,4
BRF:17
BRH:17
end_of_record
TN:
SF:src/services/DuplicateDetector.ts
FN:5,(anonymous_7)
FN:13,(anonymous_8)
FN:45,(anonymous_10)
FN:51,(anonymous_11)
FN:78,(anonymous_13)
FN:85,(anonymous_14)
FN:91,(anonymous_15)
FN:108,(anonymous_16)
FN:124,(anonymous_18)
FN:129,(anonymous_19)
FN:148,(anonymous_20)
FN:165,(anonymous_21)
FN:167,(anonymous_22)
FN:174,(anonymous_23)
FN:185,(anonymous_24)
FN:199,(anonymous_25)
FN:206,(anonymous_26)
FN:230,(anonymous_27)
FN:253,(anonymous_28)
FN:259,(anonymous_29)
FNF:20
FNH:20
FNDA:24,(anonymous_7)
FNDA:6,(anonymous_8)
FNDA:1,(anonymous_10)
FNDA:4,(anonymous_11)
FNDA:3,(anonymous_13)
FNDA:3,(anonymous_14)
FNDA:5,(anonymous_15)
FNDA:3,(anonymous_16)
FNDA:6,(anonymous_18)
FNDA:1,(anonymous_19)
FNDA:6,(anonymous_20)
FNDA:7,(anonymous_21)
FNDA:6,(anonymous_22)
FNDA:18,(anonymous_23)
FNDA:10,(anonymous_24)
FNDA:5,(anonymous_25)
FNDA:51,(anonymous_26)
FNDA:6,(anonymous_27)
FNDA:5,(anonymous_28)
FNDA:9,(anonymous_29)
DA:1,1
DA:4,1
DA:6,24
DA:7,24
DA:14,6
DA:15,6
DA:16,6
DA:19,6
DA:20,6
DA:21,1
DA:24,5
DA:25,5
DA:27,5
DA:29,8
DA:31,7
DA:32,7
DA:34,7
DA:35,5
DA:45,5
DA:52,4
DA:53,4
DA:55,4
DA:56,4
DA:57,1
DA:60,3
DA:63,3
DA:64,3
DA:65,3
DA:66,3
DA:67,3
DA:72,3
DA:79,3
DA:80,3
DA:83,3
DA:84,3
DA:85,3
DA:88,3
DA:89,3
DA:90,3
DA:91,5
DA:94,3
DA:102,0
DA:109,3
DA:110,3
DA:112,3
DA:113,3
DA:114,1
DA:117,2
DA:118,2
DA:125,6
DA:126,4
DA:127,4
DA:128,4
DA:129,1
DA:132,4
DA:140,4
DA:149,6
DA:151,6
DA:152,9
DA:153,8
DA:154,1
DA:155,1
DA:159,6
DA:166,7
DA:167,6
DA:175,18
DA:186,10
DA:187,5
DA:189,5
DA:190,5
DA:191,5
DA:193,5
DA:200,5
DA:201,5
DA:204,5
DA:206,51
DA:209,51
DA:210,55
DA:213,5
DA:214,46
DA:215,486
DA:216,486
DA:224,5
DA:232,6
DA:233,6
DA:234,2
DA:238,4
DA:239,4
DA:241,2
DA:245,2
DA:246,2
DA:247,2
DA:254,5
DA:257,5
DA:258,5
DA:259,9
DA:262,5
LF:97
LH:96
BRDA:20,0,0,1
BRDA:20,1,0,6
BRDA:20,1,1,5
BRDA:29,2,0,1
BRDA:34,3,0,5
BRDA:56,4,0,1
BRDA:56,5,0,4
BRDA:56,5,1,3
BRDA:64,6,0,3
BRDA:66,7,0,3
BRDA:85,8,0,3
BRDA:85,8,1,3
BRDA:88,9,0,3
BRDA:88,10,0,3
BRDA:88,10,1,0
BRDA:91,11,0,5
BRDA:91,11,1,5
BRDA:113,12,0,1
BRDA:113,13,0,3
BRDA:113,13,1,2
BRDA:126,14,0,4
BRDA:129,15,0,1
BRDA:129,15,1,0
BRDA:152,16,0,8
BRDA:152,16,1,1
BRDA:152,17,0,9
BRDA:152,17,1,8
BRDA:154,18,0,1
BRDA:167,19,0,6
BRDA:167,19,1,5
BRDA:186,20,0,5
BRDA:187,21,0,0
BRDA:187,22,0,5
BRDA:187,22,1,5
BRDA:215,23,0,61
BRDA:215,23,1,425
BRDA:233,24,0,2
BRDA:239,25,0,2
BRDA:239,26,0,4
BRDA:239,26,1,3
BRDA:258,27,0,4
BRF:41
BRH:38
end_of_record
TN:
SF:src/services/ExecutionService.ts
FN:19,(anonymous_16)
FN:28,(anonymous_17)
FN:35,(anonymous_18)
FN:42,(anonymous_19)
FN:54,(anonymous_20)
FN:55,(anonymous_21)
FN:70,(anonymous_22)
FN:79,(anonymous_23)
FN:96,(anonymous_24)
FN:129,(anonymous_26)
FN:137,(anonymous_27)
FN:144,(anonymous_28)
FN:148,(anonymous_29)
FN:148,(anonymous_30)
FN:182,(anonymous_31)
FN:182,(anonymous_32)
FN:214,(anonymous_33)
FN:316,(anonymous_35)
FN:357,(anonymous_37)
FN:361,(anonymous_38)
FN:365,(anonymous_39)
FN:377,(anonymous_40)
FN:401,(anonymous_41)
FN:423,(anonymous_42)
FN:443,(anonymous_43)
FN:451,(anonymous_44)
FNF:26
FNH:23
FNDA:32,(anonymous_16)
FNDA:1,(anonymous_17)
FNDA:1,(anonymous_18)
FNDA:20,(anonymous_19)
FNDA:36,(anonymous_20)
FNDA:36,(anonymous_21)
FNDA:2,(anonymous_22)
FNDA:1,(anonymous_23)
FNDA:20,(anonymous_24)
FNDA:19,(anonymous_26)
FNDA:0,(anonymous_27)
FNDA:1,(anonymous_28)
FNDA:18,(anonymous_29)
FNDA:18,(anonymous_30)
FNDA:1,(anonymous_31)
FNDA:1,(anonymous_32)
FNDA:0,(anonymous_33)
FNDA:0,(anonymous_35)
FNDA:2,(anonymous_37)
FNDA:2,(anonymous_38)
FNDA:23,(anonymous_39)
FNDA:3,(anonymous_40)
FNDA:2,(anonymous_41)
FNDA:3,(anonymous_42)
FNDA:2,(anonymous_43)
FNDA:3,(anonymous_44)
DA:1,1
DA:2,1
DA:4,1
DA:5,1
DA:8,1
DA:9,1
DA:11,1
DA:12,32
DA:13,32
DA:14,32
DA:17,32
DA:19,32
DA:20,32
DA:21,32
DA:22,32
DA:29,1
DA:36,1
DA:43,20
DA:44,20
DA:45,20
DA:46,20
DA:47,20
DA:55,36
DA:60,36
DA:62,36
DA:63,38
DA:64,38
DA:66,3
DA:69,3
DA:70,2
DA:73,1
DA:80,1
DA:81,1
DA:82,1
DA:83,1
DA:85,1
DA:87,1
DA:88,1
DA:90,1
DA:92,0
DA:98,20
DA:99,1
DA:100,1
DA:109,19
DA:110,19
DA:111,19
DA:112,19
DA:116,19
DA:117,19
DA:118,19
DA:119,18
DA:121,1
DA:127,19
DA:129,19
DA:130,19
DA:136,19
DA:137,18
DA:142,19
DA:144,19
DA:145,1
DA:148,19
DA:149,18
DA:150,18
DA:151,18
DA:154,18
DA:155,17
DA:156,17
DA:157,17
DA:159,17
DA:161,1
DA:162,1
DA:166,18
DA:167,16
DA:169,2
DA:172,18
DA:182,19
DA:183,1
DA:186,1
DA:187,1
DA:188,1
DA:189,0
DA:190,0
DA:194,1
DA:196,1
DA:216,0
DA:217,0
DA:218,0
DA:227,0
DA:228,0
DA:229,0
DA:232,0
DA:234,0
DA:236,0
DA:241,0
DA:244,0
DA:247,0
DA:248,0
DA:249,0
DA:250,0
DA:251,0
DA:262,0
DA:265,0
DA:272,0
DA:273,0
DA:274,0
DA:276,0
DA:277,0
DA:282,0
DA:283,0
DA:286,0
DA:295,0
DA:296,0
DA:297,0
DA:299,0
DA:317,0
DA:320,0
DA:330,0
DA:331,0
DA:332,0
DA:336,0
DA:345,0
DA:346,0
DA:349,0
DA:350,0
DA:352,0
DA:353,0
DA:358,2
DA:362,2
DA:366,23
DA:367,2
DA:368,2
DA:371,21
DA:378,3
DA:386,3
DA:387,3
DA:388,2
DA:389,2
DA:392,1
DA:395,2
DA:402,2
DA:410,2
DA:411,2
DA:412,1
DA:416,0
DA:424,3
DA:426,2
DA:427,2
DA:428,2
DA:429,2
DA:431,2
DA:432,1
DA:435,1
DA:436,1
DA:437,1
DA:444,2
DA:446,2
DA:447,2
DA:448,1
DA:451,1
DA:452,3
DA:453,3
DA:456,0
DA:457,0
LF:163
LH:115
BRDA:22,0,0,32
BRDA:22,0,1,0
BRDA:44,1,0,20
BRDA:44,1,1,20
BRDA:45,2,0,20
BRDA:58,3,0,36
BRDA:60,4,0,0
BRDA:64,5,0,35
BRDA:69,6,0,2
BRDA:87,7,0,1
BRDA:98,8,0,1
BRDA:110,9,0,19
BRDA:110,9,1,18
BRDA:116,10,0,19
BRDA:127,11,0,1
BRDA:127,11,1,18
BRDA:127,12,0,19
BRDA:127,12,1,19
BRDA:136,13,0,18
BRDA:136,14,0,19
BRDA:136,14,1,18
BRDA:154,15,0,17
BRDA:155,16,0,15
BRDA:155,16,1,2
BRDA:156,17,0,2
BRDA:156,17,1,15
BRDA:159,18,0,1
BRDA:166,19,0,16
BRDA:166,19,1,2
BRDA:178,20,0,16
BRDA:178,20,1,2
BRDA:186,21,0,1
BRDA:188,22,0,0
BRDA:216,23,0,0
BRDA:229,24,0,0
BRDA:229,24,1,0
BRDA:248,25,0,0
BRDA:267,26,0,0
BRDA:267,26,1,0
BRDA:267,27,0,0
BRDA:267,27,1,0
BRDA:267,28,0,0
BRDA:267,28,1,0
BRDA:276,29,0,0
BRDA:276,29,1,0
BRDA:282,30,0,0
BRDA:282,30,1,0
BRDA:282,31,0,0
BRDA:282,31,1,0
BRDA:282,32,0,0
BRDA:282,32,1,0
BRDA:292,33,0,0
BRDA:292,33,1,0
BRDA:296,34,0,0
BRDA:296,34,1,0
BRDA:331,35,0,0
BRDA:345,36,0,0
BRDA:367,37,0,2
BRDA:387,38,0,2
BRDA:411,39,0,1
BRDA:424,40,0,1
BRDA:431,41,0,1
BRDA:447,42,0,1
BRDA:453,43,0,3
BRDA:453,43,1,3
BRF:65
BRH:38
end_of_record
TN:
SF:src/services/ExtractionService.ts
FN:8,(anonymous_7)
FN:18,(anonymous_8)
FN:35,(anonymous_10)
FN:42,(anonymous_11)
FN:63,(anonymous_12)
FN:77,(anonymous_13)
FN:118,(anonymous_15)
FN:134,(anonymous_16)
FN:158,(anonymous_18)
FN:165,(anonymous_19)
FN:195,(anonymous_20)
FN:203,(anonymous_21)
FN:233,(anonymous_22)
FN:242,(anonymous_23)
FN:250,(anonymous_24)
FN:260,(anonymous_25)
FN:270,(anonymous_27)
FN:314,(anonymous_29)
FN:326,(anonymous_30)
FN:347,(anonymous_32)
FN:375,(anonymous_34)
FN:429,(anonymous_36)
FNF:22
FNH:0
FNDA:0,(anonymous_7)
FNDA:0,(anonymous_8)
FNDA:0,(anonymous_10)
FNDA:0,(anonymous_11)
FNDA:0,(anonymous_12)
FNDA:0,(anonymous_13)
FNDA:0,(anonymous_15)
FNDA:0,(anonymous_16)
FNDA:0,(anonymous_18)
FNDA:0,(anonymous_19)
FNDA:0,(anonymous_20)
FNDA:0,(anonymous_21)
FNDA:0,(anonymous_22)
FNDA:0,(anonymous_23)
FNDA:0,(anonymous_24)
FNDA:0,(anonymous_25)
FNDA:0,(anonymous_27)
FNDA:0,(anonymous_29)
FNDA:0,(anonymous_30)
FNDA:0,(anonymous_32)
FNDA:0,(anonymous_34)
FNDA:0,(anonymous_36)
DA:1,0
DA:3,0
DA:5,0
DA:9,0
DA:10,0
DA:12,0
DA:19,0
DA:20,0
DA:23,0
DA:24,0
DA:27,0
DA:29,0
DA:35,0
DA:48,0
DA:49,0
DA:52,0
DA:62,0
DA:64,0
DA:67,0
DA:68,0
DA:71,0
DA:79,0
DA:82,0
DA:83,0
DA:86,0
DA:90,0
DA:92,0
DA:95,0
DA:96,0
DA:97,0
DA:98,0
DA:101,0
DA:102,0
DA:106,0
DA:107,0
DA:109,0
DA:110,0
DA:111,0
DA:120,0
DA:121,0
DA:122,0
DA:124,0
DA:125,0
DA:128,0
DA:141,0
DA:142,0
DA:145,0
DA:148,0
DA:149,0
DA:150,0
DA:152,0
DA:164,0
DA:165,0
DA:167,0
DA:202,0
DA:203,0
DA:206,0
DA:208,0
DA:236,0
DA:243,0
DA:244,0
DA:251,0
DA:261,0
DA:262,0
DA:263,0
DA:276,0
DA:279,0
DA:282,0
DA:285,0
DA:286,0
DA:288,0
DA:290,0
DA:291,0
DA:292,0
DA:295,0
DA:296,0
DA:297,0
DA:298,0
DA:300,0
DA:304,0
DA:307,0
DA:315,0
DA:316,0
DA:317,0
DA:318,0
DA:320,0
DA:331,0
DA:332,0
DA:334,0
DA:336,0
DA:337,0
DA:338,0
DA:340,0
DA:348,0
DA:349,0
DA:350,0
DA:368,0
DA:369,0
DA:380,0
DA:383,0
DA:384,0
DA:387,0
DA:388,0
DA:392,0
DA:393,0
DA:395,0
DA:397,0
DA:398,0
DA:401,0
DA:402,0
DA:403,0
DA:408,0
DA:410,0
DA:411,0
DA:414,0
DA:418,0
DA:422,0
DA:430,0
LF:118
LH:0
BRDA:48,0,0,0
BRDA:48,0,1,0
BRDA:64,1,0,0
BRDA:64,1,1,0
BRDA:67,2,0,0
BRDA:67,3,0,0
BRDA:67,3,1,0
BRDA:67,3,2,0
BRDA:82,4,0,0
BRDA:90,5,0,0
BRDA:90,5,1,0
BRDA:101,6,0,0
BRDA:121,7,0,0
BRDA:124,8,0,0
BRDA:206,9,0,0
BRDA:206,9,1,0
BRDA:262,10,0,0
BRDA:288,11,0,0
BRDA:288,11,1,0
BRDA:288,12,0,0
BRDA:288,12,1,0
BRDA:296,13,0,0
BRDA:296,13,1,0
BRDA:317,14,0,0
BRDA:332,15,0,0
BRDA:332,15,1,0
BRDA:337,16,0,0
BRDA:348,17,0,0
BRDA:348,17,1,0
BRDA:387,18,0,0
BRDA:387,19,0,0
BRDA:387,19,1,0
BRDA:395,20,0,0
BRDA:395,20,1,0
BRDA:403,21,0,0
BRDA:403,21,1,0
BRDA:404,22,0,0
BRDA:404,22,1,0
BRDA:410,23,0,0
BRDA:410,23,1,0
BRDA:410,24,0,0
BRDA:410,24,1,0
BRDA:410,24,2,0
BRDA:410,25,0,0
BRDA:410,25,1,0
BRF:45
BRH:0
end_of_record
TN:
SF:src/services/JobQueueService.ts
FN:42,(anonymous_16)
FN:49,(anonymous_17)
FN:62,(anonymous_18)
FN:95,(anonymous_19)
FN:96,(anonymous_21)
FN:108,(anonymous_22)
FN:112,(anonymous_23)
FN:116,(anonymous_24)
FN:137,(anonymous_25)
FN:146,(anonymous_26)
FN:179,(anonymous_28)
FN:193,(anonymous_30)
FN:210,(anonymous_32)
FN:228,(anonymous_34)
FN:235,(anonymous_36)
FN:243,(anonymous_38)
FN:251,(anonymous_40)
FN:259,(anonymous_42)
FN:268,(anonymous_44)
FN:276,(anonymous_46)
FN:284,(anonymous_48)
FN:296,(anonymous_50)
FN:304,(anonymous_52)
FN:318,(anonymous_54)
FN:331,(anonymous_56)
FNF:25
FNH:19
FNDA:25,(anonymous_16)
FNDA:16,(anonymous_17)
FNDA:28,(anonymous_18)
FNDA:28,(anonymous_19)
FNDA:28,(anonymous_21)
FNDA:24,(anonymous_22)
FNDA:4,(anonymous_23)
FNDA:26,(anonymous_24)
FNDA:2,(anonymous_25)
FNDA:16,(anonymous_26)
FNDA:4,(anonymous_28)
FNDA:2,(anonymous_30)
FNDA:3,(anonymous_32)
FNDA:2,(anonymous_34)
FNDA:2,(anonymous_36)
FNDA:1,(anonymous_38)
FNDA:0,(anonymous_40)
FNDA:0,(anonymous_42)
FNDA:0,(anonymous_44)
FNDA:2,(anonymous_46)
FNDA:0,(anonymous_48)
FNDA:5,(anonymous_50)
FNDA:0,(anonymous_52)
FNDA:3,(anonymous_54)
FNDA:0,(anonymous_56)
DA:1,1
DA:2,1
DA:4,1
DA:37,1
DA:39,25
DA:40,25
DA:42,25
DA:43,25
DA:50,16
DA:51,16
DA:52,16
DA:53,16
DA:54,16
DA:63,28
DA:66,28
DA:67,28
DA:68,28
DA:69,28
DA:72,28
DA:73,28
DA:81,28
DA:96,28
DA:97,28
DA:98,28
DA:100,28
DA:105,28
DA:106,28
DA:108,28
DA:109,24
DA:112,28
DA:113,4
DA:116,28
DA:117,26
DA:120,3
DA:121,3
DA:122,3
DA:125,23
DA:126,23
DA:127,22
DA:128,2
DA:130,20
DA:133,1
DA:137,28
DA:138,2
DA:154,16
DA:163,16
DA:164,16
DA:165,11
DA:169,11
DA:171,5
DA:172,5
DA:180,4
DA:197,2
DA:215,3
DA:229,2
DA:236,2
DA:237,2
DA:244,1
DA:245,1
DA:252,0
DA:253,0
DA:260,0
DA:261,0
DA:262,0
DA:269,0
DA:270,0
DA:277,2
DA:278,2
DA:285,0
DA:286,0
DA:297,5
DA:305,0
DA:306,0
DA:307,0
DA:308,0
DA:310,0
DA:311,0
DA:319,3
DA:320,3
DA:321,1
DA:323,2
DA:324,2
DA:343,0
DA:348,0
LF:84
LH:67
BRDA:51,0,0,16
BRDA:51,0,1,16
BRDA:52,1,0,16
BRDA:68,2,0,0
BRDA:68,2,1,28
BRDA:83,3,0,28
BRDA:83,3,1,0
BRDA:117,4,0,3
BRDA:120,5,0,3
BRDA:120,5,1,0
BRDA:120,5,2,0
BRDA:127,6,0,2
BRDA:127,6,1,20
BRDA:217,7,0,3
BRDA:217,7,1,2
BRDA:236,8,0,2
BRDA:236,8,1,1
BRDA:237,9,0,2
BRDA:237,9,1,0
BRDA:244,10,0,1
BRDA:244,10,1,1
BRDA:245,11,0,1
BRDA:245,11,1,0
BRDA:252,12,0,0
BRDA:252,12,1,0
BRDA:253,13,0,0
BRDA:253,13,1,0
BRDA:260,14,0,0
BRDA:260,14,1,0
BRDA:262,15,0,0
BRDA:262,15,1,0
BRDA:269,16,0,0
BRDA:269,16,1,0
BRDA:270,17,0,0
BRDA:270,17,1,0
BRDA:277,18,0,2
BRDA:277,18,1,1
BRDA:278,19,0,2
BRDA:278,19,1,0
BRDA:287,20,0,0
BRDA:287,20,1,0
BRDA:289,21,0,0
BRDA:289,21,1,0
BRDA:289,22,0,0
BRDA:289,22,1,0
BRDA:310,23,0,0
BRDA:310,23,1,0
BRDA:345,24,0,0
BRDA:345,24,1,0
BRDA:346,25,0,0
BRDA:346,25,1,0
BRDA:348,26,0,0
BRDA:348,26,1,0
BRF:53
BRH:20
end_of_record
TN:
SF:src/services/RoutingService.ts
FN:45,(anonymous_9)
FN:62,(anonymous_10)
FN:107,(anonymous_11)
FN:147,(anonymous_12)
FN:168,(anonymous_13)
FN:190,(anonymous_14)
FN:208,(anonymous_15)
FN:215,(anonymous_16)
FN:222,(anonymous_17)
FNF:9
FNH:9
FNDA:38,(anonymous_9)
FNDA:8,(anonymous_10)
FNDA:9,(anonymous_11)
FNDA:14,(anonymous_12)
FNDA:3,(anonymous_13)
FNDA:7,(anonymous_14)
FNDA:4,(anonymous_15)
FNDA:2,(anonymous_16)
FNDA:3,(anonymous_17)
DA:1,1
DA:25,1
DA:42,1
DA:46,38
DA:63,8
DA:65,8
DA:66,8
DA:67,1
DA:68,1
DA:71,7
DA:72,6
DA:74,6
DA:75,23
DA:76,23
DA:78,14
DA:79,14
DA:81,14
DA:82,3
DA:83,11
DA:84,3
DA:85,8
DA:86,2
DA:87,6
DA:89,6
DA:90,6
DA:94,1
DA:97,7
DA:108,9
DA:109,1
DA:116,8
DA:117,7
DA:118,7
DA:119,7
DA:120,7
DA:121,7
DA:122,6
DA:132,2
DA:148,14
DA:151,14
DA:152,24
DA:153,24
DA:154,24
DA:155,12
DA:159,2
DA:169,3
DA:170,3
DA:172,3
DA:173,14
DA:174,14
DA:175,4
DA:179,3
DA:191,7
DA:209,4
DA:216,2
DA:223,3
LF:55
LH:55
BRDA:66,0,0,1
BRDA:76,1,0,9
BRDA:81,2,0,3
BRDA:81,2,1,11
BRDA:83,3,0,3
BRDA:83,3,1,8
BRDA:85,4,0,2
BRDA:85,4,1,6
BRDA:86,5,0,2
BRDA:86,5,1,0
BRDA:87,6,0,6
BRDA:108,7,0,1
BRDA:116,8,0,7
BRDA:118,9,0,7
BRDA:121,10,0,6
BRDA:154,11,0,12
BRDA:174,12,0,4
BRF:17
BRH:16
end_of_record
TN:
SF:src/services/SyntaxParser.ts
FN:3,(anonymous_0)
FN:13,(anonymous_1)
FN:57,(anonymous_2)
FN:58,(anonymous_3)
FN:64,(anonymous_4)
FN:66,(anonymous_5)
FN:67,(anonymous_6)
FN:73,(anonymous_7)
FN:74,(anonymous_8)
FN:80,(anonymous_9)
FN:82,(anonymous_10)
FN:83,(anonymous_11)
FN:89,(anonymous_12)
FN:90,(anonymous_13)
FN:96,(anonymous_14)
FN:98,(anonymous_15)
FN:99,(anonymous_16)
FNF:17
FNH:7
FNDA:16,(anonymous_0)
FNDA:16,(anonymous_1)
FNDA:3,(anonymous_2)
FNDA:3,(anonymous_3)
FNDA:3,(anonymous_4)
FNDA:5,(anonymous_5)
FNDA:5,(anonymous_6)
FNDA:0,(anonymous_7)
FNDA:0,(anonymous_8)
FNDA:0,(anonymous_9)
FNDA:0,(anonymous_10)
FNDA:0,(anonymous_11)
FNDA:0,(anonymous_12)
FNDA:0,(anonymous_13)
FNDA:0,(anonymous_14)
FNDA:0,(anonymous_15)
FNDA:0,(anonymous_16)
DA:3,1
DA:5,16
DA:6,16
DA:7,16
DA:14,16
DA:15,16
DA:17,16
DA:18,46
DA:21,46
DA:22,46
DA:23,23
DA:31,46
DA:32,46
DA:33,0
DA:41,46
DA:42,46
DA:43,0
DA:51,16
DA:58,3
DA:65,3
DA:66,5
DA:67,5
DA:74,0
DA:81,0
DA:82,0
DA:83,0
DA:90,0
DA:97,0
DA:98,0
DA:99,0
LF:30
LH:20
BRDA:22,0,0,23
BRDA:32,1,0,0
BRDA:42,2,0,0
BRF:3
BRH:1
end_of_record
TN:
SF:src/services/TaskQueueService.ts
FN:47,(anonymous_9)
FN:56,(anonymous_10)
FN:71,(anonymous_11)
FN:87,(anonymous_12)
FN:94,(anonymous_13)
FN:101,(anonymous_14)
FN:108,(anonymous_15)
FN:122,(anonymous_16)
FN:143,(anonymous_17)
FN:156,(anonymous_18)
FN:175,(anonymous_19)
FN:183,(anonymous_20)
FN:184,(anonymous_21)
FN:199,(anonymous_22)
FN:214,(anonymous_23)
FN:226,(anonymous_24)
FN:233,(anonymous_25)
FN:240,(anonymous_26)
FN:247,(anonymous_27)
FN:254,(anonymous_28)
FN:261,(anonymous_29)
FN:269,(anonymous_30)
FN:277,(anonymous_31)
FN:285,(anonymous_32)
FN:295,(anonymous_33)
FN:302,(anonymous_34)
FN:311,(anonymous_35)
FNF:27
FNH:27
FNDA:52,(anonymous_9)
FNDA:52,(anonymous_10)
FNDA:109,(anonymous_11)
FNDA:1,(anonymous_12)
FNDA:3,(anonymous_13)
FNDA:4,(anonymous_14)
FNDA:41,(anonymous_15)
FNDA:33,(anonymous_16)
FNDA:3,(anonymous_17)
FNDA:26,(anonymous_18)
FNDA:1,(anonymous_19)
FNDA:4,(anonymous_20)
FNDA:3,(anonymous_21)
FNDA:2,(anonymous_22)
FNDA:4,(anonymous_23)
FNDA:12,(anonymous_24)
FNDA:2,(anonymous_25)
FNDA:10,(anonymous_26)
FNDA:5,(anonymous_27)
FNDA:10,(anonymous_28)
FNDA:1,(anonymous_29)
FNDA:1,(anonymous_30)
FNDA:1,(anonymous_31)
FNDA:1,(anonymous_32)
FNDA:2,(anonymous_33)
FNDA:3,(anonymous_34)
FNDA:3,(anonymous_35)
DA:1,50
DA:2,50
DA:24,50
DA:41,50
DA:48,52
DA:49,52
DA:50,52
DA:57,52
DA:58,52
DA:59,2
DA:60,2
DA:63,1
DA:65,51
DA:72,109
DA:73,109
DA:74,109
DA:75,109
DA:76,84
DA:78,109
DA:80,0
DA:88,1
DA:95,3
DA:102,4
DA:109,41
DA:114,41
DA:115,41
DA:116,41
DA:125,33
DA:126,22
DA:127,11
DA:128,10
DA:131,33
DA:132,32
DA:133,32
DA:134,32
DA:137,33
DA:144,3
DA:145,2
DA:147,1
DA:148,0
DA:150,1
DA:157,26
DA:159,26
DA:161,17
DA:162,17
DA:165,9
DA:166,9
DA:169,26
DA:176,1
DA:177,1
DA:184,4
DA:185,4
DA:186,3
DA:187,3
DA:188,3
DA:189,3
DA:190,3
DA:191,3
DA:193,1
DA:200,2
DA:201,2
DA:202,2
DA:203,2
DA:204,2
DA:206,2
DA:207,2
DA:208,2
DA:215,4
DA:227,12
DA:234,2
DA:241,10
DA:248,5
DA:255,10
DA:262,1
DA:263,1
DA:270,1
DA:271,1
DA:278,1
DA:279,1
DA:286,1
DA:287,1
DA:288,1
DA:289,1
DA:296,2
DA:303,3
DA:304,1
DA:312,3
DA:313,3
LF:88
LH:86
BRDA:47,0,0,3
BRDA:58,1,0,2
BRDA:75,2,0,84
BRDA:125,3,0,22
BRDA:125,3,1,11
BRDA:127,4,0,10
BRDA:131,5,0,32
BRDA:144,6,0,2
BRDA:147,7,0,0
BRDA:159,8,0,17
BRDA:159,8,1,9
BRDA:185,9,0,3
BRDA:303,10,0,1
BRDA:303,11,0,3
BRDA:303,11,1,2
BRDA:313,12,0,1
BRDA:313,12,1,2
BRF:17
BRH:16
end_of_record
TN:
SF:src/services/TaskSyntaxService.ts
FN:1,(anonymous_0)
FN:12,(anonymous_1)
FN:16,(anonymous_2)
FN:24,(anonymous_3)
FN:48,(anonymous_4)
FNF:5
FNH:0
FNDA:0,(anonymous_0)
FNDA:0,(anonymous_1)
FNDA:0,(anonymous_2)
FNDA:0,(anonymous_3)
FNDA:0,(anonymous_4)
DA:1,0
DA:2,0
DA:3,0
DA:4,0
DA:13,0
DA:15,0
DA:18,0
DA:19,0
DA:21,0
DA:24,0
DA:25,0
DA:27,0
DA:30,0
DA:32,0
DA:33,0
DA:36,0
DA:37,0
DA:40,0
DA:49,0
LF:19
LH:0
BRDA:19,0,0,0
BRDA:27,1,0,0
BRDA:27,2,0,0
BRDA:27,2,1,0
BRDA:32,3,0,0
BRDA:36,4,0,0
BRF:6
BRH:0
end_of_record
TN:
SF:src/ui/AgentModal.ts
FN:12,(anonymous_16)
FN:17,(anonymous_17)
FN:37,(anonymous_18)
FN:63,(anonymous_19)
FN:67,(anonymous_20)
FN:80,(anonymous_21)
FN:99,(anonymous_22)
FN:127,(anonymous_23)
FN:133,(anonymous_24)
FN:133,(anonymous_25)
FN:157,(anonymous_26)
FN:157,(anonymous_27)
FN:165,(anonymous_28)
FN:203,(anonymous_29)
FN:214,(anonymous_30)
FN:234,(anonymous_31)
FN:252,(anonymous_32)
FN:254,(anonymous_33)
FN:279,(anonymous_34)
FN:302,(anonymous_36)
FNF:20
FNH:0
FNDA:0,(anonymous_16)
FNDA:0,(anonymous_17)
FNDA:0,(anonymous_18)
FNDA:0,(anonymous_19)
FNDA:0,(anonymous_20)
FNDA:0,(anonymous_21)
FNDA:0,(anonymous_22)
FNDA:0,(anonymous_23)
FNDA:0,(anonymous_24)
FNDA:0,(anonymous_25)
FNDA:0,(anonymous_26)
FNDA:0,(anonymous_27)
FNDA:0,(anonymous_28)
FNDA:0,(anonymous_29)
FNDA:0,(anonymous_30)
FNDA:0,(anonymous_31)
FNDA:0,(anonymous_32)
FNDA:0,(anonymous_33)
FNDA:0,(anonymous_34)
FNDA:0,(anonymous_36)
DA:1,0
DA:3,0
DA:4,0
DA:6,0
DA:8,0
DA:9,0
DA:10,0
DA:13,0
DA:14,0
DA:18,0
DA:19,0
DA:20,0
DA:23,0
DA:24,0
DA:25,0
DA:26,0
DA:27,0
DA:28,0
DA:29,0
DA:32,0
DA:33,0
DA:34,0
DA:37,0
DA:38,0
DA:39,0
DA:40,0
DA:45,0
DA:46,0
DA:49,0
DA:51,0
DA:52,0
DA:53,0
DA:54,0
DA:55,0
DA:57,0
DA:59,0
DA:60,0
DA:61,0
DA:62,0
DA:63,0
DA:65,0
DA:66,0
DA:67,0
DA:70,0
DA:71,0
DA:72,0
DA:73,0
DA:74,0
DA:76,0
DA:79,0
DA:80,0
DA:81,0
DA:82,0
DA:83,0
DA:84,0
DA:88,0
DA:89,0
DA:90,0
DA:91,0
DA:92,0
DA:93,0
DA:94,0
DA:95,0
DA:96,0
DA:97,0
DA:98,0
DA:99,0
DA:100,0
DA:107,0
DA:111,0
DA:112,0
DA:113,0
DA:114,0
DA:115,0
DA:116,0
DA:117,0
DA:118,0
DA:119,0
DA:127,0
DA:128,0
DA:130,0
DA:133,0
DA:134,0
DA:135,0
DA:136,0
DA:138,0
DA:139,0
DA:141,0
DA:142,0
DA:146,0
DA:147,0
DA:148,0
DA:149,0
DA:150,0
DA:151,0
DA:152,0
DA:153,0
DA:156,0
DA:157,0
DA:158,0
DA:159,0
DA:160,0
DA:161,0
DA:166,0
DA:167,0
DA:169,0
DA:170,0
DA:171,0
DA:172,0
DA:173,0
DA:174,0
DA:175,0
DA:177,0
DA:178,0
DA:181,0
DA:182,0
DA:183,0
DA:186,0
DA:187,0
DA:188,0
DA:189,0
DA:190,0
DA:191,0
DA:192,0
DA:193,0
DA:194,0
DA:195,0
DA:196,0
DA:197,0
DA:198,0
DA:205,0
DA:206,0
DA:213,0
DA:214,0
DA:215,0
DA:217,0
DA:218,0
DA:220,0
DA:221,0
DA:222,0
DA:223,0
DA:224,0
DA:226,0
DA:228,0
DA:229,0
DA:235,0
DA:237,0
DA:238,0
DA:239,0
DA:240,0
DA:241,0
DA:242,0
DA:244,0
DA:246,0
DA:247,0
DA:248,0
DA:249,0
DA:250,0
DA:252,0
DA:254,0
DA:255,0
DA:259,0
DA:260,0
DA:261,0
DA:264,0
DA:265,0
DA:266,0
DA:267,0
DA:268,0
DA:269,0
DA:270,0
DA:271,0
DA:272,0
DA:273,0
DA:280,0
DA:281,0
DA:284,0
DA:287,0
DA:288,0
DA:291,0
DA:297,0
DA:298,0
DA:304,0
DA:305,0
DA:306,0
DA:308,0
DA:309,0
LF:187
LH:0
BRDA:39,0,0,0
BRDA:84,1,0,0
BRDA:84,1,1,0
BRDA:130,2,0,0
BRDA:130,2,1,0
BRDA:135,3,0,0
BRDA:135,3,1,0
BRDA:154,4,0,0
BRDA:154,4,1,0
BRDA:169,5,0,0
BRDA:169,5,1,0
BRDA:183,6,0,0
BRDA:183,6,1,0
BRDA:197,7,0,0
BRDA:197,7,1,0
BRDA:215,8,0,0
BRDA:254,9,0,0
BRDA:254,9,1,0
BRDA:254,10,0,0
BRDA:254,10,1,0
BRDA:265,11,0,0
BRDA:280,12,0,0
BRDA:280,13,0,0
BRDA:280,13,1,0
BRDA:287,14,0,0
BRDA:297,15,0,0
BRDA:304,16,0,0
BRF:27
BRH:0
end_of_record
TN:
SF:src/ui/ExtractNoteModal.ts
FN:30,(anonymous_7)
FN:39,(anonymous_8)
FN:67,(anonymous_10)
FN:74,(anonymous_11)
FN:78,(anonymous_12)
FN:88,(anonymous_13)
FN:93,(anonymous_14)
FN:113,(anonymous_15)
FN:114,(anonymous_16)
FN:124,(anonymous_17)
FN:128,(anonymous_18)
FN:130,(anonymous_19)
FN:131,(anonymous_20)
FN:135,(anonymous_21)
FN:143,(anonymous_22)
FN:147,(anonymous_23)
FN:167,(anonymous_24)
FN:194,(anonymous_25)
FN:204,(anonymous_26)
FN:228,(anonymous_27)
FN:246,(anonymous_28)
FN:266,(anonymous_29)
FN:277,(anonymous_30)
FN:308,(anonymous_31)
FN:317,(anonymous_32)
FN:331,(anonymous_33)
FN:341,(anonymous_34)
FN:347,(anonymous_35)
FN:354,(anonymous_36)
FN:360,(anonymous_37)
FN:361,(anonymous_38)
FN:371,(anonymous_39)
FN:376,(anonymous_40)
FN:384,(anonymous_41)
FN:398,(anonymous_42)
FN:409,(anonymous_43)
FN:445,(anonymous_45)
FNF:37
FNH:0
FNDA:0,(anonymous_7)
FNDA:0,(anonymous_8)
FNDA:0,(anonymous_10)
FNDA:0,(anonymous_11)
FNDA:0,(anonymous_12)
FNDA:0,(anonymous_13)
FNDA:0,(anonymous_14)
FNDA:0,(anonymous_15)
FNDA:0,(anonymous_16)
FNDA:0,(anonymous_17)
FNDA:0,(anonymous_18)
FNDA:0,(anonymous_19)
FNDA:0,(anonymous_20)
FNDA:0,(anonymous_21)
FNDA:0,(anonymous_22)
FNDA:0,(anonymous_23)
FNDA:0,(anonymous_24)
FNDA:0,(anonymous_25)
FNDA:0,(anonymous_26)
FNDA:0,(anonymous_27)
FNDA:0,(anonymous_28)
FNDA:0,(anonymous_29)
FNDA:0,(anonymous_30)
FNDA:0,(anonymous_31)
FNDA:0,(anonymous_32)
FNDA:0,(anonymous_33)
FNDA:0,(anonymous_34)
FNDA:0,(anonymous_35)
FNDA:0,(anonymous_36)
FNDA:0,(anonymous_37)
FNDA:0,(anonymous_38)
FNDA:0,(anonymous_39)
FNDA:0,(anonymous_40)
FNDA:0,(anonymous_41)
FNDA:0,(anonymous_42)
FNDA:0,(anonymous_43)
FNDA:0,(anonymous_45)
DA:1,0
DA:4,0
DA:6,0
DA:13,0
DA:14,0
DA:15,0
DA:16,0
DA:17,0
DA:18,0
DA:21,0
DA:24,0
DA:27,0
DA:28,0
DA:31,0
DA:32,0
DA:33,0
DA:34,0
DA:35,0
DA:36,0
DA:40,0
DA:41,0
DA:42,0
DA:45,0
DA:46,0
DA:49,0
DA:54,0
DA:55,0
DA:58,0
DA:59,0
DA:60,0
DA:63,0
DA:64,0
DA:68,0
DA:71,0
DA:75,0
DA:79,0
DA:81,0
DA:85,0
DA:89,0
DA:94,0
DA:99,0
DA:102,0
DA:103,0
DA:107,0
DA:110,0
DA:114,0
DA:115,0
DA:120,0
DA:123,0
DA:125,0
DA:128,0
DA:131,0
DA:136,0
DA:137,0
DA:139,0
DA:140,0
DA:142,0
DA:143,0
DA:144,0
DA:145,0
DA:147,0
DA:148,0
DA:151,0
DA:155,0
DA:156,0
DA:157,0
DA:159,0
DA:160,0
DA:168,0
DA:169,0
DA:172,0
DA:173,0
DA:176,0
DA:177,0
DA:180,0
DA:181,0
DA:182,0
DA:187,0
DA:188,0
DA:189,0
DA:190,0
DA:194,0
DA:195,0
DA:205,0
DA:206,0
DA:208,0
DA:209,0
DA:212,0
DA:213,0
DA:214,0
DA:215,0
DA:216,0
DA:218,0
DA:219,0
DA:222,0
DA:228,0
DA:229,0
DA:234,0
DA:235,0
DA:236,0
DA:247,0
DA:248,0
DA:250,0
DA:253,0
DA:254,0
DA:255,0
DA:259,0
DA:263,0
DA:264,0
DA:265,0
DA:266,0
DA:267,0
DA:277,0
DA:279,0
DA:280,0
DA:284,0
DA:288,0
DA:289,0
DA:292,0
DA:296,0
DA:297,0
DA:300,0
DA:301,0
DA:308,0
DA:309,0
DA:313,0
DA:317,0
DA:318,0
DA:319,0
DA:320,0
DA:321,0
DA:326,0
DA:327,0
DA:331,0
DA:332,0
DA:333,0
DA:342,0
DA:343,0
DA:344,0
DA:348,0
DA:349,0
DA:351,0
DA:354,0
DA:355,0
DA:356,0
DA:357,0
DA:358,0
DA:359,0
DA:360,0
DA:361,0
DA:362,0
DA:367,0
DA:371,0
DA:372,0
DA:373,0
DA:374,0
DA:375,0
DA:376,0
DA:377,0
DA:378,0
DA:379,0
DA:380,0
DA:381,0
DA:384,0
DA:385,0
DA:386,0
DA:388,0
DA:390,0
DA:391,0
DA:395,0
DA:399,0
DA:400,0
DA:402,0
DA:403,0
DA:406,0
DA:410,0
DA:411,0
DA:412,0
DA:415,0
DA:426,0
DA:428,0
DA:430,0
DA:431,0
DA:433,0
DA:440,0
DA:441,0
DA:446,0
DA:447,0
LF:188
LH:0
BRDA:68,0,0,0
BRDA:102,1,0,0
BRDA:144,2,0,0
BRDA:144,2,1,0
BRDA:148,3,0,0
BRDA:180,4,0,0
BRDA:180,5,0,0
BRDA:180,5,1,0
BRDA:180,6,0,0
BRDA:180,6,1,0
BRDA:180,7,0,0
BRDA:180,7,1,0
BRDA:189,8,0,0
BRDA:189,8,1,0
BRDA:205,9,0,0
BRDA:215,10,0,0
BRDA:215,10,1,0
BRDA:218,11,0,0
BRDA:234,12,0,0
BRDA:234,13,0,0
BRDA:234,13,1,0
BRDA:247,14,0,0
BRDA:254,15,0,0
BRDA:254,16,0,0
BRDA:254,16,1,0
BRDA:265,17,0,0
BRDA:270,18,0,0
BRDA:270,18,1,0
BRDA:270,19,0,0
BRDA:270,19,1,0
BRDA:270,20,0,0
BRDA:270,20,1,0
BRDA:271,21,0,0
BRDA:271,21,1,0
BRDA:271,22,0,0
BRDA:271,22,1,0
BRDA:271,23,0,0
BRDA:271,23,1,0
BRDA:279,24,0,0
BRDA:300,25,0,0
BRDA:326,26,0,0
BRDA:332,27,0,0
BRDA:332,27,1,0
BRDA:377,28,0,0
BRDA:377,28,1,0
BRDA:377,29,0,0
BRDA:377,29,1,0
BRDA:380,30,0,0
BRDA:385,31,0,0
BRDA:403,32,0,0
BRDA:403,32,1,0
BRDA:410,33,0,0
BRDA:423,34,0,0
BRDA:423,34,1,0
BRDA:428,35,0,0
BRDA:430,36,0,0
BRDA:430,36,1,0
BRF:57
BRH:0
end_of_record
TN:
SF:src/ui/JobQueueModal.ts
FN:17,(anonymous_7)
FN:23,(anonymous_8)
FN:45,(anonymous_10)
FN:51,(anonymous_11)
FN:81,(anonymous_12)
FN:90,(anonymous_13)
FN:99,(anonymous_15)
FN:110,(anonymous_16)
FN:124,(anonymous_17)
FN:128,(anonymous_18)
FN:132,(anonymous_20)
FN:145,(anonymous_21)
FN:168,(anonymous_23)
FN:197,(anonymous_24)
FN:211,(anonymous_25)
FN:211,(anonymous_26)
FN:218,(anonymous_27)
FN:297,(anonymous_28)
FN:313,(anonymous_29)
FN:325,(anonymous_30)
FN:338,(anonymous_31)
FN:381,(anonymous_33)
FN:410,(anonymous_34)
FN:424,(anonymous_36)
FN:438,(anonymous_38)
FN:458,(anonymous_39)
FN:462,(anonymous_40)
FN:468,(anonymous_42)
FN:483,(anonymous_44)
FN:497,(anonymous_45)
FN:502,(anonymous_47)
FN:504,(anonymous_48)
FN:511,(anonymous_49)
FN:518,(anonymous_50)
FNF:34
FNH:0
FNDA:0,(anonymous_7)
FNDA:0,(anonymous_8)
FNDA:0,(anonymous_10)
FNDA:0,(anonymous_11)
FNDA:0,(anonymous_12)
FNDA:0,(anonymous_13)
FNDA:0,(anonymous_15)
FNDA:0,(anonymous_16)
FNDA:0,(anonymous_17)
FNDA:0,(anonymous_18)
FNDA:0,(anonymous_20)
FNDA:0,(anonymous_21)
FNDA:0,(anonymous_23)
FNDA:0,(anonymous_24)
FNDA:0,(anonymous_25)
FNDA:0,(anonymous_26)
FNDA:0,(anonymous_27)
FNDA:0,(anonymous_28)
FNDA:0,(anonymous_29)
FNDA:0,(anonymous_30)
FNDA:0,(anonymous_31)
FNDA:0,(anonymous_33)
FNDA:0,(anonymous_34)
FNDA:0,(anonymous_36)
FNDA:0,(anonymous_38)
FNDA:0,(anonymous_39)
FNDA:0,(anonymous_40)
FNDA:0,(anonymous_42)
FNDA:0,(anonymous_44)
FNDA:0,(anonymous_45)
FNDA:0,(anonymous_47)
FNDA:0,(anonymous_48)
FNDA:0,(anonymous_49)
FNDA:0,(anonymous_50)
DA:1,0
DA:7,0
DA:10,0
DA:11,0
DA:12,0
DA:13,0
DA:14,0
DA:15,0
DA:18,0
DA:19,0
DA:20,0
DA:24,0
DA:25,0
DA:26,0
DA:29,0
DA:30,0
DA:31,0
DA:32,0
DA:33,0
DA:36,0
DA:37,0
DA:40,0
DA:42,0
DA:43,0
DA:44,0
DA:45,0
DA:47,0
DA:48,0
DA:49,0
DA:50,0
DA:51,0
DA:52,0
DA:53,0
DA:54,0
DA:55,0
DA:56,0
DA:57,0
DA:58,0
DA:60,0
DA:65,0
DA:68,0
DA:69,0
DA:72,0
DA:73,0
DA:76,0
DA:77,0
DA:82,0
DA:83,0
DA:84,0
DA:85,0
DA:86,0
DA:91,0
DA:92,0
DA:93,0
DA:95,0
DA:100,0
DA:102,0
DA:110,0
DA:111,0
DA:112,0
DA:115,0
DA:117,0
DA:118,0
DA:119,0
DA:120,0
DA:121,0
DA:124,0
DA:129,0
DA:132,0
DA:133,0
DA:134,0
DA:135,0
DA:140,0
DA:141,0
DA:149,0
DA:150,0
DA:151,0
DA:152,0
DA:153,0
DA:155,0
DA:156,0
DA:158,0
DA:160,0
DA:161,0
DA:163,0
DA:164,0
DA:167,0
DA:168,0
DA:169,0
DA:171,0
DA:172,0
DA:174,0
DA:175,0
DA:178,0
DA:180,0
DA:181,0
DA:182,0
DA:183,0
DA:190,0
DA:191,0
DA:192,0
DA:193,0
DA:194,0
DA:197,0
DA:198,0
DA:201,0
DA:203,0
DA:204,0
DA:205,0
DA:206,0
DA:209,0
DA:210,0
DA:211,0
DA:212,0
DA:213,0
DA:214,0
DA:216,0
DA:217,0
DA:218,0
DA:219,0
DA:220,0
DA:224,0
DA:225,0
DA:227,0
DA:228,0
DA:229,0
DA:230,0
DA:232,0
DA:233,0
DA:237,0
DA:239,0
DA:240,0
DA:241,0
DA:242,0
DA:243,0
DA:246,0
DA:247,0
DA:248,0
DA:249,0
DA:250,0
DA:253,0
DA:254,0
DA:255,0
DA:256,0
DA:257,0
DA:260,0
DA:261,0
DA:262,0
DA:263,0
DA:264,0
DA:267,0
DA:268,0
DA:269,0
DA:270,0
DA:271,0
DA:274,0
DA:275,0
DA:276,0
DA:277,0
DA:278,0
DA:281,0
DA:282,0
DA:283,0
DA:284,0
DA:285,0
DA:289,0
DA:292,0
DA:293,0
DA:294,0
DA:295,0
DA:296,0
DA:297,0
DA:300,0
DA:301,0
DA:303,0
DA:305,0
DA:312,0
DA:313,0
DA:316,0
DA:317,0
DA:324,0
DA:325,0
DA:329,0
DA:330,0
DA:331,0
DA:332,0
DA:333,0
DA:334,0
DA:339,0
DA:341,0
DA:342,0
DA:345,0
DA:346,0
DA:347,0
DA:352,0
DA:353,0
DA:354,0
DA:359,0
DA:360,0
DA:362,0
DA:363,0
DA:365,0
DA:366,0
DA:367,0
DA:369,0
DA:373,0
DA:374,0
DA:379,0
DA:381,0
DA:382,0
DA:384,0
DA:385,0
DA:386,0
DA:392,0
DA:397,0
DA:404,0
DA:406,0
DA:411,0
DA:412,0
DA:413,0
DA:414,0
DA:415,0
DA:417,0
DA:420,0
DA:425,0
DA:426,0
DA:427,0
DA:428,0
DA:429,0
DA:431,0
DA:434,0
DA:439,0
DA:440,0
DA:442,0
DA:443,0
DA:444,0
DA:445,0
DA:447,0
DA:448,0
DA:449,0
DA:450,0
DA:451,0
DA:452,0
DA:454,0
DA:459,0
DA:464,0
DA:465,0
DA:469,0
DA:471,0
DA:472,0
DA:475,0
DA:483,0
DA:484,0
DA:485,0
DA:486,0
DA:487,0
DA:488,0
DA:493,0
DA:498,0
DA:499,0
DA:503,0
DA:504,0
DA:505,0
DA:506,0
DA:512,0
DA:513,0
DA:514,0
DA:519,0
DA:520,0
DA:521,0
LF:270
LH:0
BRDA:49,0,0,0
BRDA:49,0,1,0
BRDA:50,1,0,0
BRDA:50,1,1,0
BRDA:54,2,0,0
BRDA:54,2,1,0
BRDA:55,3,0,0
BRDA:55,3,1,0
BRDA:57,4,0,0
BRDA:57,4,1,0
BRDA:76,5,0,0
BRDA:82,6,0,0
BRDA:84,7,0,0
BRDA:113,8,0,0
BRDA:113,8,1,0
BRDA:132,9,0,0
BRDA:132,9,1,0
BRDA:132,10,0,0
BRDA:132,10,1,0
BRDA:134,11,0,0
BRDA:140,12,0,0
BRDA:158,13,0,0
BRDA:158,13,1,0
BRDA:158,13,2,0
BRDA:158,13,3,0
BRDA:158,13,4,0
BRDA:180,14,0,0
BRDA:227,15,0,0
BRDA:230,16,0,0
BRDA:230,16,1,0
BRDA:230,17,0,0
BRDA:230,17,1,0
BRDA:231,18,0,0
BRDA:231,18,1,0
BRDA:231,19,0,0
BRDA:231,19,1,0
BRDA:239,20,0,0
BRDA:246,21,0,0
BRDA:253,22,0,0
BRDA:260,23,0,0
BRDA:267,24,0,0
BRDA:274,25,0,0
BRDA:277,26,0,0
BRDA:277,26,1,0
BRDA:281,27,0,0
BRDA:301,28,0,0
BRDA:301,28,1,0
BRDA:303,29,0,0
BRDA:316,30,0,0
BRDA:316,30,1,0
BRDA:324,31,0,0
BRDA:324,31,1,0
BRDA:345,32,0,0
BRDA:345,33,0,0
BRDA:345,33,1,0
BRDA:346,34,0,0
BRDA:346,34,1,0
BRDA:346,35,0,0
BRDA:346,35,1,0
BRDA:346,36,0,0
BRDA:346,36,1,0
BRDA:352,37,0,0
BRDA:365,38,0,0
BRDA:365,38,1,0
BRDA:366,39,0,0
BRDA:366,39,1,0
BRDA:375,40,0,0
BRDA:375,40,1,0
BRDA:384,41,0,0
BRDA:388,42,0,0
BRDA:388,42,1,0
BRDA:413,43,0,0
BRDA:413,43,1,0
BRDA:427,44,0,0
BRDA:427,44,1,0
BRDA:447,45,0,0
BRDA:447,45,1,0
BRDA:449,46,0,0
BRDA:449,46,1,0
BRDA:451,47,0,0
BRDA:451,47,1,0
BRDA:469,48,0,0
BRDA:485,49,0,0
BRDA:485,50,0,0
BRDA:485,50,1,0
BRDA:487,51,0,0
BRDA:498,52,0,0
BRDA:505,53,0,0
BRDA:512,54,0,0
BRF:89
BRH:0
end_of_record
TN:
SF:src/ui/LogViewerModal.ts
FN:7,(anonymous_0)
FN:13,(anonymous_1)
FN:24,(anonymous_2)
FN:29,(anonymous_3)
FNF:4
FNH:0
FNDA:0,(anonymous_0)
FNDA:0,(anonymous_1)
FNDA:0,(anonymous_2)
FNDA:0,(anonymous_3)
DA:1,0
DA:3,0
DA:8,0
DA:9,0
DA:10,0
DA:14,0
DA:15,0
DA:16,0
DA:18,0
DA:20,0
DA:21,0
DA:24,0
DA:25,0
DA:30,0
DA:31,0
LF:15
LH:0
BRDA:21,0,0,0
BRDA:21,0,1,0
BRF:2
BRH:0
end_of_record
TN:
SF:src/ui/SettingsTab.ts
FN:8,(anonymous_7)
FN:13,(anonymous_8)
FN:22,(anonymous_9)
FN:26,(anonymous_10)
FN:26,(anonymous_11)
FN:35,(anonymous_12)
FN:39,(anonymous_13)
FN:39,(anonymous_14)
FN:51,(anonymous_15)
FN:54,(anonymous_16)
FN:54,(anonymous_17)
FN:64,(anonymous_18)
FN:67,(anonymous_19)
FN:67,(anonymous_20)
FN:80,(anonymous_21)
FN:83,(anonymous_22)
FN:83,(anonymous_23)
FN:93,(anonymous_24)
FN:96,(anonymous_25)
FN:96,(anonymous_26)
FN:106,(anonymous_27)
FN:114,(anonymous_28)
FN:114,(anonymous_29)
FN:127,(anonymous_30)
FN:133,(anonymous_31)
FN:133,(anonymous_32)
FN:146,(anonymous_33)
FN:149,(anonymous_34)
FN:149,(anonymous_35)
FN:159,(anonymous_36)
FN:163,(anonymous_37)
FN:163,(anonymous_38)
FN:176,(anonymous_39)
FN:179,(anonymous_40)
FN:179,(anonymous_41)
FN:189,(anonymous_42)
FN:193,(anonymous_43)
FN:193,(anonymous_44)
FN:206,(anonymous_45)
FN:209,(anonymous_46)
FN:209,(anonymous_47)
FN:219,(anonymous_48)
FN:223,(anonymous_49)
FN:223,(anonymous_50)
FN:236,(anonymous_51)
FN:240,(anonymous_52)
FN:240,(anonymous_53)
FN:252,(anonymous_54)
FN:256,(anonymous_55)
FN:256,(anonymous_56)
FN:265,(anonymous_57)
FN:269,(anonymous_58)
FN:269,(anonymous_59)
FN:279,(anonymous_60)
FN:287,(anonymous_61)
FN:287,(anonymous_62)
FNF:56
FNH:0
FNDA:0,(anonymous_7)
FNDA:0,(anonymous_8)
FNDA:0,(anonymous_9)
FNDA:0,(anonymous_10)
FNDA:0,(anonymous_11)
FNDA:0,(anonymous_12)
FNDA:0,(anonymous_13)
FNDA:0,(anonymous_14)
FNDA:0,(anonymous_15)
FNDA:0,(anonymous_16)
FNDA:0,(anonymous_17)
FNDA:0,(anonymous_18)
FNDA:0,(anonymous_19)
FNDA:0,(anonymous_20)
FNDA:0,(anonymous_21)
FNDA:0,(anonymous_22)
FNDA:0,(anonymous_23)
FNDA:0,(anonymous_24)
FNDA:0,(anonymous_25)
FNDA:0,(anonymous_26)
FNDA:0,(anonymous_27)
FNDA:0,(anonymous_28)
FNDA:0,(anonymous_29)
FNDA:0,(anonymous_30)
FNDA:0,(anonymous_31)
FNDA:0,(anonymous_32)
FNDA:0,(anonymous_33)
FNDA:0,(anonymous_34)
FNDA:0,(anonymous_35)
FNDA:0,(anonymous_36)
FNDA:0,(anonymous_37)
FNDA:0,(anonymous_38)
FNDA:0,(anonymous_39)
FNDA:0,(anonymous_40)
FNDA:0,(anonymous_41)
FNDA:0,(anonymous_42)
FNDA:0,(anonymous_43)
FNDA:0,(anonymous_44)
FNDA:0,(anonymous_45)
FNDA:0,(anonymous_46)
FNDA:0,(anonymous_47)
FNDA:0,(anonymous_48)
FNDA:0,(anonymous_49)
FNDA:0,(anonymous_50)
FNDA:0,(anonymous_51)
FNDA:0,(anonymous_52)
FNDA:0,(anonymous_53)
FNDA:0,(anonymous_54)
FNDA:0,(anonymous_55)
FNDA:0,(anonymous_56)
FNDA:0,(anonymous_57)
FNDA:0,(anonymous_58)
FNDA:0,(anonymous_59)
FNDA:0,(anonymous_60)
FNDA:0,(anonymous_61)
FNDA:0,(anonymous_62)
DA:1,0
DA:5,0
DA:9,0
DA:10,0
DA:14,0
DA:15,0
DA:17,0
DA:19,0
DA:23,0
DA:26,0
DA:27,0
DA:28,0
DA:32,0
DA:36,0
DA:39,0
DA:40,0
DA:41,0
DA:42,0
DA:43,0
DA:48,0
DA:52,0
DA:54,0
DA:55,0
DA:56,0
DA:57,0
DA:61,0
DA:65,0
DA:67,0
DA:68,0
DA:69,0
DA:70,0
DA:75,0
DA:77,0
DA:81,0
DA:83,0
DA:84,0
DA:85,0
DA:86,0
DA:90,0
DA:94,0
DA:96,0
DA:97,0
DA:98,0
DA:99,0
DA:103,0
DA:107,0
DA:114,0
DA:115,0
DA:116,0
DA:117,0
DA:122,0
DA:124,0
DA:128,0
DA:133,0
DA:134,0
DA:135,0
DA:136,0
DA:141,0
DA:143,0
DA:147,0
DA:149,0
DA:150,0
DA:151,0
DA:152,0
DA:156,0
DA:160,0
DA:163,0
DA:164,0
DA:165,0
DA:166,0
DA:171,0
DA:173,0
DA:177,0
DA:179,0
DA:180,0
DA:181,0
DA:182,0
DA:186,0
DA:190,0
DA:193,0
DA:194,0
DA:195,0
DA:196,0
DA:201,0
DA:203,0
DA:207,0
DA:209,0
DA:210,0
DA:211,0
DA:212,0
DA:216,0
DA:220,0
DA:223,0
DA:224,0
DA:225,0
DA:226,0
DA:231,0
DA:233,0
DA:237,0
DA:240,0
DA:241,0
DA:242,0
DA:247,0
DA:249,0
DA:253,0
DA:256,0
DA:257,0
DA:258,0
DA:262,0
DA:266,0
DA:269,0
DA:270,0
DA:271,0
DA:273,0
DA:276,0
DA:280,0
DA:287,0
DA:288,0
DA:289,0
LF:119
LH:0
BRDA:42,0,0,0
BRDA:136,1,0,0
BRDA:136,1,1,0
BRDA:136,2,0,0
BRDA:136,2,1,0
BRDA:152,3,0,0
BRDA:152,3,1,0
BRDA:152,4,0,0
BRDA:152,4,1,0
BRDA:166,5,0,0
BRDA:166,5,1,0
BRDA:166,6,0,0
BRDA:166,6,1,0
BRDA:182,7,0,0
BRDA:182,7,1,0
BRDA:182,8,0,0
BRDA:182,8,1,0
BRDA:196,9,0,0
BRDA:196,9,1,0
BRDA:196,10,0,0
BRDA:196,10,1,0
BRDA:212,11,0,0
BRDA:212,11,1,0
BRDA:212,12,0,0
BRDA:212,12,1,0
BRDA:226,13,0,0
BRDA:226,13,1,0
BRDA:226,14,0,0
BRDA:226,14,1,0
BRF:29
BRH:0
end_of_record
TN:
SF:src/ui/StatusBar.ts
FN:15,(anonymous_9)
FN:20,(anonymous_10)
FN:26,(anonymous_11)
FN:35,(anonymous_12)
FN:39,(anonymous_13)
FN:43,(anonymous_14)
FN:47,(anonymous_15)
FN:52,(anonymous_16)
FN:53,(anonymous_17)
FN:59,(anonymous_18)
FN:67,(anonymous_19)
FN:92,(anonymous_20)
FN:100,(anonymous_21)
FN:109,(anonymous_22)
FN:122,(anonymous_23)
FN:137,(anonymous_24)
FN:155,(anonymous_25)
FN:176,(anonymous_26)
FN:181,(anonymous_27)
FN:185,(anonymous_28)
FN:193,(anonymous_29)
FN:199,(anonymous_30)
FN:218,(anonymous_31)
FN:246,(anonymous_32)
FN:251,(anonymous_33)
FNF:25
FNH:1
FNDA:25,(anonymous_9)
FNDA:0,(anonymous_10)
FNDA:0,(anonymous_11)
FNDA:0,(anonymous_12)
FNDA:0,(anonymous_13)
FNDA:0,(anonymous_14)
FNDA:0,(anonymous_15)
FNDA:0,(anonymous_16)
FNDA:0,(anonymous_17)
FNDA:0,(anonymous_18)
FNDA:0,(anonymous_19)
FNDA:0,(anonymous_20)
FNDA:0,(anonymous_21)
FNDA:0,(anonymous_22)
FNDA:0,(anonymous_23)
FNDA:0,(anonymous_24)
FNDA:0,(anonymous_25)
FNDA:0,(anonymous_26)
FNDA:0,(anonymous_27)
FNDA:0,(anonymous_28)
FNDA:0,(anonymous_29)
FNDA:0,(anonymous_30)
FNDA:0,(anonymous_31)
FNDA:0,(anonymous_32)
FNDA:0,(anonymous_33)
DA:2,1
DA:3,1
DA:4,1
DA:6,1
DA:9,25
DA:10,25
DA:11,25
DA:12,25
DA:13,25
DA:16,25
DA:17,25
DA:18,25
DA:19,25
DA:20,25
DA:21,0
DA:22,0
DA:26,25
DA:27,0
DA:28,0
DA:32,0
DA:36,0
DA:40,0
DA:44,0
DA:48,0
DA:49,0
DA:50,0
DA:51,0
DA:52,0
DA:53,0
DA:55,0
DA:60,0
DA:61,0
DA:63,0
DA:69,0
DA:72,0
DA:73,0
DA:76,0
DA:77,0
DA:78,0
DA:79,0
DA:82,0
DA:83,0
DA:84,0
DA:85,0
DA:88,0
DA:89,0
DA:91,0
DA:92,0
DA:93,0
DA:96,0
DA:97,0
DA:98,0
DA:100,0
DA:101,0
DA:102,0
DA:103,0
DA:104,0
DA:109,0
DA:110,0
DA:111,0
DA:112,0
DA:113,0
DA:114,0
DA:118,0
DA:121,0
DA:122,0
DA:123,0
DA:124,0
DA:125,0
DA:126,0
DA:129,0
DA:130,0
DA:131,0
DA:132,0
DA:133,0
DA:136,0
DA:137,0
DA:138,0
DA:139,0
DA:140,0
DA:141,0
DA:144,0
DA:145,0
DA:146,0
DA:147,0
DA:148,0
DA:151,0
DA:154,0
DA:155,0
DA:156,0
DA:157,0
DA:159,0
DA:160,0
DA:162,0
DA:163,0
DA:164,0
DA:167,0
DA:168,0
DA:169,0
DA:170,0
DA:172,0
DA:173,0
DA:176,0
DA:177,0
DA:182,0
DA:183,0
DA:185,0
DA:186,0
DA:187,0
DA:190,0
DA:194,0
DA:195,0
DA:196,0
DA:200,0
DA:201,0
DA:204,0
DA:207,0
DA:210,0
DA:211,0
DA:219,0
DA:220,0
DA:223,0
DA:226,0
DA:227,0
DA:230,0
DA:231,0
DA:232,0
DA:233,0
DA:234,0
DA:241,0
DA:242,0
DA:247,0
DA:248,0
DA:252,0
DA:253,0
LF:135
LH:15
BRDA:27,0,0,0
BRDA:27,1,0,0
BRDA:27,1,1,0
BRDA:27,2,0,0
BRDA:27,2,1,0
BRDA:27,3,0,0
BRDA:27,3,1,0
BRDA:52,4,0,0
BRDA:52,4,1,0
BRDA:60,5,0,0
BRDA:60,5,1,0
BRDA:94,6,0,0
BRDA:94,6,1,0
BRDA:97,7,0,0
BRDA:97,7,1,0
BRDA:102,8,0,0
BRDA:102,9,0,0
BRDA:102,9,1,0
BRDA:114,10,0,0
BRDA:114,10,1,0
BRDA:125,11,0,0
BRDA:140,12,0,0
BRDA:159,13,0,0
BRDA:159,13,1,0
BRDA:159,14,0,0
BRDA:159,14,1,0
BRDA:159,15,0,0
BRDA:159,15,1,0
BRDA:159,16,0,0
BRDA:159,16,1,0
BRDA:160,17,0,0
BRDA:160,17,1,0
BRDA:160,18,0,0
BRDA:160,18,1,0
BRDA:160,19,0,0
BRDA:160,19,1,0
BRDA:160,20,0,0
BRDA:160,20,1,0
BRDA:177,21,0,0
BRDA:177,21,1,0
BRDA:177,22,0,0
BRDA:177,22,1,0
BRDA:182,23,0,0
BRDA:186,24,0,0
BRDA:186,24,1,0
BRDA:186,25,0,0
BRDA:186,25,1,0
BRDA:210,26,0,0
BRDA:230,27,0,0
BRDA:230,27,1,0
BRDA:233,28,0,0
BRDA:241,29,0,0
BRF:52
BRH:0
end_of_record
